<?xml version="1.0" encoding="UTF-8"?>
<!-- Generated by org.testng.reporters.JUnitReportReporter -->
<testsuite hostname="LAPTOP-R6HH0JS3" failures="0" tests="4" name="api.testCases.UserTest" time="6.264" errors="0" timestamp="2023-12-26T00:06:09 IST" skipped="0">
  <testcase classname="api.testCases.UserTest" name="testCreatUser" time="3.094"/>
  <system-out/>
  <testcase classname="api.testCases.UserTest" name="testgetUser" time="1.103"/>
  <system-out/>
  <testcase classname="api.testCases.UserTest" name="testupdateUser" time="1.038"/>
  <system-out/>
  <testcase classname="api.testCases.UserTest" name="testdelUser" time="1.029"/>
  <system-out/>
</testsuite> <!-- api.testCases.UserTest -->
